2016-03-04 12:37:20,853 - [INFO] - from play in pool-6-thread-1 
Listening for HTTP on /0:0:0:0:0:0:0:0%0:9000

2016-03-04 12:37:30,015 - [ERROR] - from application in New I/O worker #1 


! @6paj5nm9c - Internal server error, for (GET) [/] ->

play.PlayExceptions$UnexpectedException: Unexpected exception[JsTaskFailure: TypeError: Cannot read property "contents" from undefined (/Users/laldinglianat/projects/crpt-ui/node_modules/less/lib/less/parser/parser.js#117)	at /Users/laldinglianat/projects/crpt-ui/node_modules/less/lib/less/parser/parser.js:117 (anonymous)
	at /Users/laldinglianat/projects/crpt-ui/project/target/less/sbt-less-1.0.5.jar:97 (anonymous)
	at /Users/Apigee/src/noderunner/node10/node10src/src/main/javascript/io/apigee/trireme/node10/node/fs.js:266 (anonymous)
	at /Users/Apigee/src/noderunner/node10/node10src/src/main/javascript/io/apigee/trireme/node10/node/fs.js:107 (anonymous)
	at /Users/Apigee/src/noderunner/node10/node10src/src/main/javascript/io/apigee/trireme/node10/main/trireme.js:805 (submitTick)
]
	at play.PlayReloader$$anon$1$$anonfun$play$PlayReloader$$anon$$taskFailureHandler$1.apply(PlayReloader.scala:237) ~[na:na]
	at play.PlayReloader$$anon$1$$anonfun$play$PlayReloader$$anon$$taskFailureHandler$1.apply(PlayReloader.scala:230) ~[na:na]
	at scala.Option.map(Option.scala:145) ~[scala-library-2.11.4.jar:na]
	at play.PlayReloader$$anon$1.play$PlayReloader$$anon$$taskFailureHandler(PlayReloader.scala:230) ~[na:na]
	at play.PlayReloader$$anon$1$$anonfun$reload$2.apply(PlayReloader.scala:90) ~[na:na]
	at play.PlayReloader$$anon$1$$anonfun$reload$2.apply(PlayReloader.scala:90) ~[na:na]
	at scala.util.Either$LeftProjection.map(Either.scala:377) ~[scala-library-2.11.4.jar:na]
	at play.PlayReloader$$anon$1.reload(PlayReloader.scala:90) ~[na:na]
	at play.core.ReloadableApplication$$anonfun$get$1.apply(ApplicationProvider.scala:122) ~[play_2.11-2.3.7.jar:2.3.7]
	at play.core.ReloadableApplication$$anonfun$get$1.apply(ApplicationProvider.scala:120) ~[play_2.11-2.3.7.jar:2.3.7]
	at scala.concurrent.impl.Future$PromiseCompletingRunnable.liftedTree1$1(Future.scala:24) ~[scala-library-2.11.4.jar:na]
	at scala.concurrent.impl.Future$PromiseCompletingRunnable.run(Future.scala:24) ~[scala-library-2.11.4.jar:na]
	at scala.concurrent.forkjoin.ForkJoinTask$AdaptedRunnableAction.exec(ForkJoinTask.java:1361) ~[scala-library-2.11.4.jar:na]
	at scala.concurrent.forkjoin.ForkJoinTask.doExec(ForkJoinTask.java:260) ~[scala-library-2.11.4.jar:na]
	at scala.concurrent.forkjoin.ForkJoinPool$WorkQueue.runTask(ForkJoinPool.java:1339) ~[scala-library-2.11.4.jar:na]
	at scala.concurrent.forkjoin.ForkJoinPool.runWorker(ForkJoinPool.java:1979) ~[scala-library-2.11.4.jar:na]
	at scala.concurrent.forkjoin.ForkJoinWorkerThread.run(ForkJoinWorkerThread.java:107) ~[scala-library-2.11.4.jar:na]
Caused by: com.typesafe.sbt.jse.SbtJsTask$JsTaskFailure: TypeError: Cannot read property "contents" from undefined (/Users/laldinglianat/projects/crpt-ui/node_modules/less/lib/less/parser/parser.js#117)	at /Users/laldinglianat/projects/crpt-ui/node_modules/less/lib/less/parser/parser.js:117 (anonymous)
	at /Users/laldinglianat/projects/crpt-ui/project/target/less/sbt-less-1.0.5.jar:97 (anonymous)
	at /Users/Apigee/src/noderunner/node10/node10src/src/main/javascript/io/apigee/trireme/node10/node/fs.js:266 (anonymous)
	at /Users/Apigee/src/noderunner/node10/node10src/src/main/javascript/io/apigee/trireme/node10/node/fs.js:107 (anonymous)
	at /Users/Apigee/src/noderunner/node10/node10src/src/main/javascript/io/apigee/trireme/node10/main/trireme.js:805 (submitTick)

	at com.typesafe.sbt.jse.SbtJsTask$$anonfun$com$typesafe$sbt$jse$SbtJsTask$$executeJsOnEngine$1.apply(SbtJsTask.scala:195) ~[na:na]
	at com.typesafe.sbt.jse.SbtJsTask$$anonfun$com$typesafe$sbt$jse$SbtJsTask$$executeJsOnEngine$1.apply(SbtJsTask.scala:167) ~[na:na]
	at scala.util.Success$$anonfun$map$1.apply(Try.scala:206) ~[scala-library-2.11.4.jar:na]
	at scala.util.Try$.apply(Try.scala:161) ~[scala-library-2.11.4.jar:na]
	at scala.util.Success.map(Try.scala:206) ~[scala-library-2.11.4.jar:na]
	at scala.concurrent.Future$$anonfun$map$1.apply(Future.scala:235) ~[scala-library-2.11.4.jar:na]
	at scala.concurrent.Future$$anonfun$map$1.apply(Future.scala:235) ~[scala-library-2.11.4.jar:na]
	at scala.concurrent.impl.CallbackRunnable.run(Promise.scala:32) ~[scala-library-2.11.4.jar:na]
	at scala.concurrent.impl.ExecutionContextImpl$$anon$3.exec(ExecutionContextImpl.scala:107) ~[scala-library-2.11.4.jar:na]
	... 4 common frames omitted

2016-03-04 12:37:30,089 - [WARN] - from play in New I/O worker #1 
No application found at invoker init

